{"C:/Users/skhan/Development/turbo-repo/apps/front-end/src/app/layout.tsx": {"path":"C:/Users/skhan/Development/turbo-repo/apps/front-end/src/app/layout.tsx","statementMap":{"0":{"start":{"line":5,"column":18},"end":{"line":8,"column":null}},"1":{"start":{"line":10,"column":18},"end":{"line":13,"column":null}},"2":{"start":{"line":15,"column":34},"end":{"line":18,"column":null}},"3":{"start":{"line":25,"column":1},"end":{"line":28,"column":null}}},"fnMap":{"0":{"name":"RootLayout","decl":{"start":{"line":20,"column":24},"end":{"line":20,"column":35}},"loc":{"start":{"line":24,"column":4},"end":{"line":30,"column":null}}}},"branchMap":{},"s":{"0":0,"1":0,"2":0,"3":0},"f":{"0":0},"b":{}}
,"C:/Users/skhan/Development/turbo-repo/apps/front-end/src/app/page.tsx": {"path":"C:/Users/skhan/Development/turbo-repo/apps/front-end/src/app/page.tsx","statementMap":{"0":{"start":{"line":1,"column":13},"end":{"line":3,"column":null}},"1":{"start":{"line":2,"column":1},"end":{"line":2,"column":null}}},"fnMap":{"0":{"name":"(anonymous_0)","decl":{"start":{"line":1,"column":13},"end":{"line":1,"column":19}},"loc":{"start":{"line":1,"column":19},"end":{"line":3,"column":null}}}},"branchMap":{},"s":{"0":0,"1":0},"f":{"0":0},"b":{}}
,"C:/Users/skhan/Development/turbo-repo/apps/front-end/src/app/login/page.tsx": {"path":"C:/Users/skhan/Development/turbo-repo/apps/front-end/src/app/login/page.tsx","statementMap":{"0":{"start":{"line":4,"column":1},"end":{"line":9,"column":null}}},"fnMap":{"0":{"name":"Page","decl":{"start":{"line":3,"column":24},"end":{"line":3,"column":31}},"loc":{"start":{"line":3,"column":31},"end":{"line":11,"column":null}}}},"branchMap":{},"s":{"0":0},"f":{"0":0},"b":{}}
,"C:/Users/skhan/Development/turbo-repo/apps/front-end/src/components/login-form.tsx": {"path":"C:/Users/skhan/Development/turbo-repo/apps/front-end/src/components/login-form.tsx","statementMap":{"0":{"start":{"line":14,"column":1},"end":{"line":53,"column":null}}},"fnMap":{"0":{"name":"LoginForm","decl":{"start":{"line":13,"column":16},"end":{"line":13,"column":26}},"loc":{"start":{"line":13,"column":80},"end":{"line":55,"column":null}}}},"branchMap":{},"s":{"0":0},"f":{"0":0},"b":{}}
,"C:/Users/skhan/Development/turbo-repo/apps/front-end/src/hooks/use-mobile.ts": {"path":"C:/Users/skhan/Development/turbo-repo/apps/front-end/src/hooks/use-mobile.ts","statementMap":{"0":{"start":{"line":3,"column":26},"end":{"line":3,"column":null}},"1":{"start":{"line":6,"column":34},"end":{"line":6,"column":null}},"2":{"start":{"line":8,"column":2},"end":{"line":16,"column":null}},"3":{"start":{"line":9,"column":16},"end":{"line":9,"column":null}},"4":{"start":{"line":10,"column":21},"end":{"line":12,"column":null}},"5":{"start":{"line":11,"column":6},"end":{"line":11,"column":null}},"6":{"start":{"line":13,"column":4},"end":{"line":13,"column":null}},"7":{"start":{"line":14,"column":4},"end":{"line":14,"column":null}},"8":{"start":{"line":15,"column":4},"end":{"line":15,"column":null}},"9":{"start":{"line":15,"column":17},"end":{"line":15,"column":null}},"10":{"start":{"line":18,"column":2},"end":{"line":18,"column":null}}},"fnMap":{"0":{"name":"useIsMobile","decl":{"start":{"line":5,"column":16},"end":{"line":5,"column":30}},"loc":{"start":{"line":5,"column":30},"end":{"line":19,"column":null}}},"1":{"name":"(anonymous_1)","decl":{"start":{"line":8,"column":18},"end":{"line":8,"column":24}},"loc":{"start":{"line":8,"column":24},"end":{"line":16,"column":5}}},"2":{"name":"(anonymous_2)","decl":{"start":{"line":10,"column":21},"end":{"line":10,"column":27}},"loc":{"start":{"line":10,"column":27},"end":{"line":12,"column":null}}},"3":{"name":"(anonymous_3)","decl":{"start":{"line":15,"column":11},"end":{"line":15,"column":17}},"loc":{"start":{"line":15,"column":17},"end":{"line":15,"column":null}}}},"branchMap":{},"s":{"0":1,"1":13,"2":13,"3":6,"4":6,"5":1,"6":6,"7":6,"8":6,"9":6,"10":13},"f":{"0":13,"1":6,"2":1,"3":6},"b":{}}
,"C:/Users/skhan/Development/turbo-repo/apps/front-end/src/lib/utils.ts": {"path":"C:/Users/skhan/Development/turbo-repo/apps/front-end/src/lib/utils.ts","statementMap":{"0":{"start":{"line":5,"column":2},"end":{"line":5,"column":null}}},"fnMap":{"0":{"name":"cn","decl":{"start":{"line":4,"column":16},"end":{"line":4,"column":22}},"loc":{"start":{"line":4,"column":44},"end":{"line":6,"column":null}}}},"branchMap":{},"s":{"0":0},"f":{"0":0},"b":{}}
,"C:/Users/skhan/Development/turbo-repo/apps/front-end/tests/drive-connect.spec.ts": {"path":"C:/Users/skhan/Development/turbo-repo/apps/front-end/tests/drive-connect.spec.ts","statementMap":{"0":{"start":{"line":4,"column":18},"end":{"line":4,"column":null}},"1":{"start":{"line":5,"column":26},"end":{"line":5,"column":null}},"2":{"start":{"line":6,"column":27},"end":{"line":6,"column":null}},"3":{"start":{"line":7,"column":26},"end":{"line":7,"column":null}},"4":{"start":{"line":8,"column":27},"end":{"line":8,"column":null}},"5":{"start":{"line":10,"column":0},"end":{"line":90,"column":null}},"6":{"start":{"line":11,"column":1},"end":{"line":19,"column":null}},"7":{"start":{"line":12,"column":2},"end":{"line":12,"column":null}},"8":{"start":{"line":15,"column":2},"end":{"line":15,"column":null}},"9":{"start":{"line":18,"column":2},"end":{"line":18,"column":null}},"10":{"start":{"line":21,"column":1},"end":{"line":31,"column":null}},"11":{"start":{"line":22,"column":2},"end":{"line":22,"column":null}},"12":{"start":{"line":25,"column":14},"end":{"line":25,"column":null}},"13":{"start":{"line":26,"column":2},"end":{"line":26,"column":null}},"14":{"start":{"line":29,"column":19},"end":{"line":29,"column":null}},"15":{"start":{"line":30,"column":2},"end":{"line":30,"column":null}},"16":{"start":{"line":33,"column":1},"end":{"line":42,"column":null}},"17":{"start":{"line":34,"column":2},"end":{"line":34,"column":null}},"18":{"start":{"line":37,"column":22},"end":{"line":37,"column":null}},"19":{"start":{"line":38,"column":23},"end":{"line":38,"column":null}},"20":{"start":{"line":41,"column":2},"end":{"line":41,"column":null}},"21":{"start":{"line":44,"column":1},"end":{"line":56,"column":null}},"22":{"start":{"line":45,"column":2},"end":{"line":45,"column":null}},"23":{"start":{"line":48,"column":2},"end":{"line":48,"column":null}},"24":{"start":{"line":51,"column":2},"end":{"line":51,"column":null}},"25":{"start":{"line":54,"column":14},"end":{"line":54,"column":null}},"26":{"start":{"line":55,"column":2},"end":{"line":55,"column":null}},"27":{"start":{"line":58,"column":1},"end":{"line":70,"column":null}},"28":{"start":{"line":59,"column":2},"end":{"line":59,"column":null}},"29":{"start":{"line":62,"column":16},"end":{"line":62,"column":null}},"30":{"start":{"line":63,"column":20},"end":{"line":63,"column":null}},"31":{"start":{"line":65,"column":2},"end":{"line":69,"column":null}},"32":{"start":{"line":67,"column":21},"end":{"line":67,"column":null}},"33":{"start":{"line":68,"column":3},"end":{"line":68,"column":null}},"34":{"start":{"line":72,"column":1},"end":{"line":78,"column":null}},"35":{"start":{"line":74,"column":2},"end":{"line":74,"column":null}},"36":{"start":{"line":77,"column":2},"end":{"line":77,"column":null}},"37":{"start":{"line":80,"column":1},"end":{"line":89,"column":null}},"38":{"start":{"line":81,"column":2},"end":{"line":81,"column":null}},"39":{"start":{"line":84,"column":2},"end":{"line":84,"column":null}},"40":{"start":{"line":87,"column":25},"end":{"line":87,"column":null}},"41":{"start":{"line":88,"column":2},"end":{"line":88,"column":null}}},"fnMap":{"0":{"name":"(anonymous_0)","decl":{"start":{"line":10,"column":43},"end":{"line":10,"column":49}},"loc":{"start":{"line":10,"column":49},"end":{"line":90,"column":1}}},"1":{"name":"(anonymous_1)","decl":{"start":{"line":11,"column":46},"end":{"line":11,"column":53}},"loc":{"start":{"line":11,"column":66},"end":{"line":19,"column":2}}},"2":{"name":"(anonymous_2)","decl":{"start":{"line":21,"column":49},"end":{"line":21,"column":56}},"loc":{"start":{"line":21,"column":69},"end":{"line":31,"column":2}}},"3":{"name":"(anonymous_3)","decl":{"start":{"line":33,"column":43},"end":{"line":33,"column":50}},"loc":{"start":{"line":33,"column":63},"end":{"line":42,"column":2}}},"4":{"name":"(anonymous_4)","decl":{"start":{"line":44,"column":48},"end":{"line":44,"column":55}},"loc":{"start":{"line":44,"column":68},"end":{"line":56,"column":2}}},"5":{"name":"(anonymous_5)","decl":{"start":{"line":58,"column":41},"end":{"line":58,"column":48}},"loc":{"start":{"line":58,"column":61},"end":{"line":70,"column":2}}},"6":{"name":"(anonymous_6)","decl":{"start":{"line":72,"column":43},"end":{"line":72,"column":50}},"loc":{"start":{"line":72,"column":63},"end":{"line":78,"column":2}}},"7":{"name":"(anonymous_7)","decl":{"start":{"line":80,"column":44},"end":{"line":80,"column":51}},"loc":{"start":{"line":80,"column":64},"end":{"line":89,"column":2}}}},"branchMap":{"0":{"loc":{"start":{"line":65,"column":2},"end":{"line":69,"column":null}},"type":"if","locations":[{"start":{"line":65,"column":2},"end":{"line":69,"column":null}},{"start":{},"end":{}}]}},"s":{"0":0,"1":0,"2":0,"3":0,"4":0,"5":0,"6":0,"7":0,"8":0,"9":0,"10":0,"11":0,"12":0,"13":0,"14":0,"15":0,"16":0,"17":0,"18":0,"19":0,"20":0,"21":0,"22":0,"23":0,"24":0,"25":0,"26":0,"27":0,"28":0,"29":0,"30":0,"31":0,"32":0,"33":0,"34":0,"35":0,"36":0,"37":0,"38":0,"39":0,"40":0,"41":0},"f":{"0":0,"1":0,"2":0,"3":0,"4":0,"5":0,"6":0,"7":0},"b":{"0":[0,0]}}
,"C:/Users/skhan/Development/turbo-repo/apps/front-end/tests/example.spec.ts": {"path":"C:/Users/skhan/Development/turbo-repo/apps/front-end/tests/example.spec.ts","statementMap":{"0":{"start":{"line":4,"column":22},"end":{"line":4,"column":null}},"1":{"start":{"line":5,"column":33},"end":{"line":5,"column":null}},"2":{"start":{"line":6,"column":37},"end":{"line":6,"column":null}},"3":{"start":{"line":8,"column":0},"end":{"line":13,"column":null}},"4":{"start":{"line":9,"column":1},"end":{"line":9,"column":null}},"5":{"start":{"line":12,"column":1},"end":{"line":12,"column":null}},"6":{"start":{"line":15,"column":0},"end":{"line":25,"column":null}},"7":{"start":{"line":16,"column":1},"end":{"line":16,"column":null}},"8":{"start":{"line":19,"column":1},"end":{"line":19,"column":null}},"9":{"start":{"line":22,"column":1},"end":{"line":24,"column":null}}},"fnMap":{"0":{"name":"(anonymous_0)","decl":{"start":{"line":8,"column":18},"end":{"line":8,"column":25}},"loc":{"start":{"line":8,"column":38},"end":{"line":13,"column":1}}},"1":{"name":"(anonymous_1)","decl":{"start":{"line":15,"column":25},"end":{"line":15,"column":32}},"loc":{"start":{"line":15,"column":45},"end":{"line":25,"column":1}}}},"branchMap":{},"s":{"0":0,"1":0,"2":0,"3":0,"4":0,"5":0,"6":0,"7":0,"8":0,"9":0},"f":{"0":0,"1":0},"b":{}}
,"C:/Users/skhan/Development/turbo-repo/apps/front-end/tests-examples/demo-todo-app.spec.ts": {"path":"C:/Users/skhan/Development/turbo-repo/apps/front-end/tests-examples/demo-todo-app.spec.ts","statementMap":{"0":{"start":{"line":3,"column":0},"end":{"line":5,"column":null}},"1":{"start":{"line":4,"column":2},"end":{"line":4,"column":null}},"2":{"start":{"line":7,"column":19},"end":{"line":11,"column":null}},"3":{"start":{"line":13,"column":0},"end":{"line":70,"column":null}},"4":{"start":{"line":14,"column":2},"end":{"line":38,"column":null}},"5":{"start":{"line":16,"column":20},"end":{"line":16,"column":null}},"6":{"start":{"line":19,"column":4},"end":{"line":19,"column":null}},"7":{"start":{"line":20,"column":4},"end":{"line":20,"column":null}},"8":{"start":{"line":23,"column":4},"end":{"line":25,"column":null}},"9":{"start":{"line":28,"column":4},"end":{"line":28,"column":null}},"10":{"start":{"line":29,"column":4},"end":{"line":29,"column":null}},"11":{"start":{"line":32,"column":4},"end":{"line":35,"column":null}},"12":{"start":{"line":37,"column":4},"end":{"line":37,"column":null}},"13":{"start":{"line":40,"column":2},"end":{"line":51,"column":null}},"14":{"start":{"line":42,"column":20},"end":{"line":42,"column":null}},"15":{"start":{"line":45,"column":4},"end":{"line":45,"column":null}},"16":{"start":{"line":46,"column":4},"end":{"line":46,"column":null}},"17":{"start":{"line":49,"column":4},"end":{"line":49,"column":null}},"18":{"start":{"line":50,"column":4},"end":{"line":50,"column":null}},"19":{"start":{"line":53,"column":2},"end":{"line":69,"column":null}},"20":{"start":{"line":55,"column":4},"end":{"line":55,"column":null}},"21":{"start":{"line":58,"column":22},"end":{"line":58,"column":null}},"22":{"start":{"line":61,"column":4},"end":{"line":61,"column":null}},"23":{"start":{"line":62,"column":4},"end":{"line":62,"column":null}},"24":{"start":{"line":63,"column":4},"end":{"line":63,"column":null}},"25":{"start":{"line":64,"column":4},"end":{"line":64,"column":null}},"26":{"start":{"line":67,"column":4},"end":{"line":67,"column":null}},"27":{"start":{"line":68,"column":4},"end":{"line":68,"column":null}},"28":{"start":{"line":72,"column":0},"end":{"line":120,"column":null}},"29":{"start":{"line":73,"column":2},"end":{"line":76,"column":null}},"30":{"start":{"line":74,"column":4},"end":{"line":74,"column":null}},"31":{"start":{"line":75,"column":4},"end":{"line":75,"column":null}},"32":{"start":{"line":78,"column":2},"end":{"line":80,"column":null}},"33":{"start":{"line":79,"column":4},"end":{"line":79,"column":null}},"34":{"start":{"line":82,"column":2},"end":{"line":89,"column":null}},"35":{"start":{"line":84,"column":4},"end":{"line":84,"column":null}},"36":{"start":{"line":87,"column":4},"end":{"line":87,"column":null}},"37":{"start":{"line":88,"column":4},"end":{"line":88,"column":null}},"38":{"start":{"line":91,"column":2},"end":{"line":99,"column":null}},"39":{"start":{"line":92,"column":22},"end":{"line":92,"column":null}},"40":{"start":{"line":94,"column":4},"end":{"line":94,"column":null}},"41":{"start":{"line":95,"column":4},"end":{"line":95,"column":null}},"42":{"start":{"line":98,"column":4},"end":{"line":98,"column":null}},"43":{"start":{"line":101,"column":2},"end":{"line":119,"column":null}},"44":{"start":{"line":102,"column":22},"end":{"line":102,"column":null}},"45":{"start":{"line":103,"column":4},"end":{"line":103,"column":null}},"46":{"start":{"line":104,"column":4},"end":{"line":104,"column":null}},"47":{"start":{"line":105,"column":4},"end":{"line":105,"column":null}},"48":{"start":{"line":108,"column":22},"end":{"line":108,"column":null}},"49":{"start":{"line":109,"column":4},"end":{"line":109,"column":null}},"50":{"start":{"line":112,"column":4},"end":{"line":112,"column":null}},"51":{"start":{"line":114,"column":4},"end":{"line":114,"column":null}},"52":{"start":{"line":115,"column":4},"end":{"line":115,"column":null}},"53":{"start":{"line":118,"column":4},"end":{"line":118,"column":null}},"54":{"start":{"line":122,"column":0},"end":{"line":192,"column":null}},"55":{"start":{"line":124,"column":2},"end":{"line":147,"column":null}},"56":{"start":{"line":126,"column":20},"end":{"line":126,"column":null}},"57":{"start":{"line":129,"column":4},"end":{"line":132,"column":null}},"58":{"start":{"line":130,"column":6},"end":{"line":130,"column":null}},"59":{"start":{"line":131,"column":6},"end":{"line":131,"column":null}},"60":{"start":{"line":135,"column":22},"end":{"line":135,"column":null}},"61":{"start":{"line":136,"column":4},"end":{"line":136,"column":null}},"62":{"start":{"line":137,"column":4},"end":{"line":137,"column":null}},"63":{"start":{"line":140,"column":23},"end":{"line":140,"column":null}},"64":{"start":{"line":141,"column":4},"end":{"line":141,"column":null}},"65":{"start":{"line":142,"column":4},"end":{"line":142,"column":null}},"66":{"start":{"line":145,"column":4},"end":{"line":145,"column":null}},"67":{"start":{"line":146,"column":4},"end":{"line":146,"column":null}},"68":{"start":{"line":149,"column":2},"end":{"line":172,"column":null}},"69":{"start":{"line":151,"column":20},"end":{"line":151,"column":null}},"70":{"start":{"line":154,"column":4},"end":{"line":157,"column":null}},"71":{"start":{"line":155,"column":6},"end":{"line":155,"column":null}},"72":{"start":{"line":156,"column":6},"end":{"line":156,"column":null}},"73":{"start":{"line":159,"column":22},"end":{"line":159,"column":null}},"74":{"start":{"line":160,"column":23},"end":{"line":160,"column":null}},"75":{"start":{"line":161,"column":30},"end":{"line":161,"column":null}},"76":{"start":{"line":163,"column":4},"end":{"line":163,"column":null}},"77":{"start":{"line":164,"column":4},"end":{"line":164,"column":null}},"78":{"start":{"line":165,"column":4},"end":{"line":165,"column":null}},"79":{"start":{"line":166,"column":4},"end":{"line":166,"column":null}},"80":{"start":{"line":168,"column":4},"end":{"line":168,"column":null}},"81":{"start":{"line":169,"column":4},"end":{"line":169,"column":null}},"82":{"start":{"line":170,"column":4},"end":{"line":170,"column":null}},"83":{"start":{"line":171,"column":4},"end":{"line":171,"column":null}},"84":{"start":{"line":174,"column":2},"end":{"line":191,"column":null}},"85":{"start":{"line":175,"column":4},"end":{"line":175,"column":null}},"86":{"start":{"line":177,"column":22},"end":{"line":177,"column":null}},"87":{"start":{"line":178,"column":23},"end":{"line":178,"column":null}},"88":{"start":{"line":179,"column":4},"end":{"line":179,"column":null}},"89":{"start":{"line":180,"column":4},"end":{"line":180,"column":null}},"90":{"start":{"line":181,"column":4},"end":{"line":181,"column":null}},"91":{"start":{"line":182,"column":4},"end":{"line":182,"column":null}},"92":{"start":{"line":185,"column":4},"end":{"line":189,"column":null}},"93":{"start":{"line":190,"column":4},"end":{"line":190,"column":null}},"94":{"start":{"line":194,"column":0},"end":{"line":257,"column":null}},"95":{"start":{"line":195,"column":2},"end":{"line":198,"column":null}},"96":{"start":{"line":196,"column":4},"end":{"line":196,"column":null}},"97":{"start":{"line":197,"column":4},"end":{"line":197,"column":null}},"98":{"start":{"line":200,"column":2},"end":{"line":208,"column":null}},"99":{"start":{"line":201,"column":21},"end":{"line":201,"column":null}},"100":{"start":{"line":202,"column":4},"end":{"line":202,"column":null}},"101":{"start":{"line":203,"column":4},"end":{"line":203,"column":null}},"102":{"start":{"line":204,"column":4},"end":{"line":206,"column":null}},"103":{"start":{"line":207,"column":4},"end":{"line":207,"column":null}},"104":{"start":{"line":210,"column":2},"end":{"line":222,"column":null}},"105":{"start":{"line":211,"column":22},"end":{"line":211,"column":null}},"106":{"start":{"line":212,"column":4},"end":{"line":212,"column":null}},"107":{"start":{"line":213,"column":4},"end":{"line":213,"column":null}},"108":{"start":{"line":214,"column":4},"end":{"line":214,"column":null}},"109":{"start":{"line":216,"column":4},"end":{"line":220,"column":null}},"110":{"start":{"line":221,"column":4},"end":{"line":221,"column":null}},"111":{"start":{"line":224,"column":2},"end":{"line":236,"column":null}},"112":{"start":{"line":225,"column":22},"end":{"line":225,"column":null}},"113":{"start":{"line":226,"column":4},"end":{"line":226,"column":null}},"114":{"start":{"line":227,"column":4},"end":{"line":227,"column":null}},"115":{"start":{"line":228,"column":4},"end":{"line":228,"column":null}},"116":{"start":{"line":230,"column":4},"end":{"line":234,"column":null}},"117":{"start":{"line":235,"column":4},"end":{"line":235,"column":null}},"118":{"start":{"line":238,"column":2},"end":{"line":248,"column":null}},"119":{"start":{"line":239,"column":22},"end":{"line":239,"column":null}},"120":{"start":{"line":240,"column":4},"end":{"line":240,"column":null}},"121":{"start":{"line":241,"column":4},"end":{"line":241,"column":null}},"122":{"start":{"line":242,"column":4},"end":{"line":242,"column":null}},"123":{"start":{"line":244,"column":4},"end":{"line":247,"column":null}},"124":{"start":{"line":250,"column":2},"end":{"line":256,"column":null}},"125":{"start":{"line":251,"column":22},"end":{"line":251,"column":null}},"126":{"start":{"line":252,"column":4},"end":{"line":252,"column":null}},"127":{"start":{"line":253,"column":4},"end":{"line":253,"column":null}},"128":{"start":{"line":254,"column":4},"end":{"line":254,"column":null}},"129":{"start":{"line":255,"column":4},"end":{"line":255,"column":null}},"130":{"start":{"line":259,"column":0},"end":{"line":278,"column":null}},"131":{"start":{"line":260,"column":2},"end":{"line":277,"column":null}},"132":{"start":{"line":262,"column":20},"end":{"line":262,"column":null}},"133":{"start":{"line":265,"column":22},"end":{"line":265,"column":null}},"134":{"start":{"line":267,"column":4},"end":{"line":267,"column":null}},"135":{"start":{"line":268,"column":4},"end":{"line":268,"column":null}},"136":{"start":{"line":270,"column":4},"end":{"line":270,"column":null}},"137":{"start":{"line":272,"column":4},"end":{"line":272,"column":null}},"138":{"start":{"line":273,"column":4},"end":{"line":273,"column":null}},"139":{"start":{"line":274,"column":4},"end":{"line":274,"column":null}},"140":{"start":{"line":276,"column":4},"end":{"line":276,"column":null}},"141":{"start":{"line":280,"column":0},"end":{"line":303,"column":null}},"142":{"start":{"line":281,"column":2},"end":{"line":283,"column":null}},"143":{"start":{"line":282,"column":4},"end":{"line":282,"column":null}},"144":{"start":{"line":285,"column":2},"end":{"line":288,"column":null}},"145":{"start":{"line":286,"column":4},"end":{"line":286,"column":null}},"146":{"start":{"line":287,"column":4},"end":{"line":287,"column":null}},"147":{"start":{"line":290,"column":2},"end":{"line":296,"column":null}},"148":{"start":{"line":291,"column":22},"end":{"line":291,"column":null}},"149":{"start":{"line":292,"column":4},"end":{"line":292,"column":null}},"150":{"start":{"line":293,"column":4},"end":{"line":293,"column":null}},"151":{"start":{"line":294,"column":4},"end":{"line":294,"column":null}},"152":{"start":{"line":295,"column":4},"end":{"line":295,"column":null}},"153":{"start":{"line":298,"column":2},"end":{"line":302,"column":null}},"154":{"start":{"line":299,"column":4},"end":{"line":299,"column":null}},"155":{"start":{"line":300,"column":4},"end":{"line":300,"column":null}},"156":{"start":{"line":301,"column":4},"end":{"line":301,"column":null}},"157":{"start":{"line":305,"column":0},"end":{"line":331,"column":null}},"158":{"start":{"line":306,"column":2},"end":{"line":330,"column":null}},"159":{"start":{"line":308,"column":20},"end":{"line":308,"column":null}},"160":{"start":{"line":310,"column":4},"end":{"line":313,"column":null}},"161":{"start":{"line":311,"column":6},"end":{"line":311,"column":null}},"162":{"start":{"line":312,"column":6},"end":{"line":312,"column":null}},"163":{"start":{"line":315,"column":22},"end":{"line":315,"column":null}},"164":{"start":{"line":316,"column":27},"end":{"line":316,"column":null}},"165":{"start":{"line":317,"column":4},"end":{"line":317,"column":null}},"166":{"start":{"line":318,"column":4},"end":{"line":318,"column":null}},"167":{"start":{"line":319,"column":4},"end":{"line":319,"column":null}},"168":{"start":{"line":320,"column":4},"end":{"line":320,"column":null}},"169":{"start":{"line":323,"column":4},"end":{"line":323,"column":null}},"170":{"start":{"line":326,"column":4},"end":{"line":326,"column":null}},"171":{"start":{"line":327,"column":4},"end":{"line":327,"column":null}},"172":{"start":{"line":328,"column":4},"end":{"line":328,"column":null}},"173":{"start":{"line":329,"column":4},"end":{"line":329,"column":null}},"174":{"start":{"line":333,"column":0},"end":{"line":409,"column":null}},"175":{"start":{"line":334,"column":2},"end":{"line":340,"column":null}},"176":{"start":{"line":335,"column":4},"end":{"line":335,"column":null}},"177":{"start":{"line":339,"column":4},"end":{"line":339,"column":null}},"178":{"start":{"line":342,"column":2},"end":{"line":350,"column":null}},"179":{"start":{"line":343,"column":21},"end":{"line":343,"column":null}},"180":{"start":{"line":344,"column":4},"end":{"line":344,"column":null}},"181":{"start":{"line":346,"column":4},"end":{"line":346,"column":null}},"182":{"start":{"line":347,"column":4},"end":{"line":347,"column":null}},"183":{"start":{"line":348,"column":4},"end":{"line":348,"column":null}},"184":{"start":{"line":349,"column":4},"end":{"line":349,"column":null}},"185":{"start":{"line":352,"column":2},"end":{"line":376,"column":null}},"186":{"start":{"line":353,"column":21},"end":{"line":353,"column":null}},"187":{"start":{"line":354,"column":4},"end":{"line":354,"column":null}},"188":{"start":{"line":356,"column":4},"end":{"line":356,"column":null}},"189":{"start":{"line":358,"column":4},"end":{"line":361,"column":null}},"190":{"start":{"line":359,"column":6},"end":{"line":359,"column":null}},"191":{"start":{"line":360,"column":6},"end":{"line":360,"column":null}},"192":{"start":{"line":363,"column":4},"end":{"line":365,"column":null}},"193":{"start":{"line":364,"column":6},"end":{"line":364,"column":null}},"194":{"start":{"line":367,"column":4},"end":{"line":369,"column":null}},"195":{"start":{"line":368,"column":6},"end":{"line":368,"column":null}},"196":{"start":{"line":371,"column":4},"end":{"line":371,"column":null}},"197":{"start":{"line":372,"column":4},"end":{"line":372,"column":null}},"198":{"start":{"line":373,"column":4},"end":{"line":373,"column":null}},"199":{"start":{"line":374,"column":4},"end":{"line":374,"column":null}},"200":{"start":{"line":375,"column":4},"end":{"line":375,"column":null}},"201":{"start":{"line":378,"column":2},"end":{"line":383,"column":null}},"202":{"start":{"line":379,"column":4},"end":{"line":379,"column":null}},"203":{"start":{"line":380,"column":4},"end":{"line":380,"column":null}},"204":{"start":{"line":381,"column":4},"end":{"line":381,"column":null}},"205":{"start":{"line":382,"column":4},"end":{"line":382,"column":null}},"206":{"start":{"line":385,"column":2},"end":{"line":392,"column":null}},"207":{"start":{"line":386,"column":4},"end":{"line":386,"column":null}},"208":{"start":{"line":387,"column":4},"end":{"line":387,"column":null}},"209":{"start":{"line":388,"column":4},"end":{"line":388,"column":null}},"210":{"start":{"line":389,"column":4},"end":{"line":389,"column":null}},"211":{"start":{"line":390,"column":4},"end":{"line":390,"column":null}},"212":{"start":{"line":391,"column":4},"end":{"line":391,"column":null}},"213":{"start":{"line":394,"column":2},"end":{"line":408,"column":null}},"214":{"start":{"line":395,"column":4},"end":{"line":395,"column":null}},"215":{"start":{"line":398,"column":23},"end":{"line":398,"column":null}},"216":{"start":{"line":399,"column":26},"end":{"line":399,"column":null}},"217":{"start":{"line":400,"column":4},"end":{"line":400,"column":null}},"218":{"start":{"line":403,"column":4},"end":{"line":403,"column":null}},"219":{"start":{"line":404,"column":4},"end":{"line":404,"column":null}},"220":{"start":{"line":407,"column":4},"end":{"line":407,"column":null}},"221":{"start":{"line":413,"column":18},"end":{"line":413,"column":null}},"222":{"start":{"line":415,"column":2},"end":{"line":418,"column":null}},"223":{"start":{"line":416,"column":4},"end":{"line":416,"column":null}},"224":{"start":{"line":417,"column":4},"end":{"line":417,"column":null}},"225":{"start":{"line":422,"column":2},"end":{"line":424,"column":null}},"226":{"start":{"line":423,"column":4},"end":{"line":423,"column":null}},"227":{"start":{"line":428,"column":2},"end":{"line":430,"column":null}},"228":{"start":{"line":429,"column":4},"end":{"line":429,"column":null}},"229":{"start":{"line":429,"column":73},"end":{"line":429,"column":87}},"230":{"start":{"line":434,"column":2},"end":{"line":436,"column":null}},"231":{"start":{"line":435,"column":4},"end":{"line":435,"column":null}},"232":{"start":{"line":435,"column":70},"end":{"line":435,"column":80}}},"fnMap":{"0":{"name":"(anonymous_0)","decl":{"start":{"line":3,"column":16},"end":{"line":3,"column":23}},"loc":{"start":{"line":3,"column":36},"end":{"line":5,"column":1}}},"1":{"name":"(anonymous_1)","decl":{"start":{"line":13,"column":26},"end":{"line":13,"column":32}},"loc":{"start":{"line":13,"column":32},"end":{"line":70,"column":1}}},"2":{"name":"(anonymous_2)","decl":{"start":{"line":14,"column":44},"end":{"line":14,"column":51}},"loc":{"start":{"line":14,"column":64},"end":{"line":38,"column":3}}},"3":{"name":"(anonymous_3)","decl":{"start":{"line":40,"column":62},"end":{"line":40,"column":69}},"loc":{"start":{"line":40,"column":82},"end":{"line":51,"column":3}}},"4":{"name":"(anonymous_4)","decl":{"start":{"line":53,"column":60},"end":{"line":53,"column":67}},"loc":{"start":{"line":53,"column":80},"end":{"line":69,"column":3}}},"5":{"name":"(anonymous_5)","decl":{"start":{"line":72,"column":39},"end":{"line":72,"column":45}},"loc":{"start":{"line":72,"column":45},"end":{"line":120,"column":1}}},"6":{"name":"(anonymous_6)","decl":{"start":{"line":73,"column":18},"end":{"line":73,"column":25}},"loc":{"start":{"line":73,"column":38},"end":{"line":76,"column":3}}},"7":{"name":"(anonymous_7)","decl":{"start":{"line":78,"column":17},"end":{"line":78,"column":24}},"loc":{"start":{"line":78,"column":37},"end":{"line":80,"column":3}}},"8":{"name":"(anonymous_8)","decl":{"start":{"line":82,"column":57},"end":{"line":82,"column":64}},"loc":{"start":{"line":82,"column":77},"end":{"line":89,"column":3}}},"9":{"name":"(anonymous_9)","decl":{"start":{"line":91,"column":67},"end":{"line":91,"column":74}},"loc":{"start":{"line":91,"column":87},"end":{"line":99,"column":3}}},"10":{"name":"(anonymous_10)","decl":{"start":{"line":101,"column":87},"end":{"line":101,"column":94}},"loc":{"start":{"line":101,"column":107},"end":{"line":119,"column":3}}},"11":{"name":"(anonymous_11)","decl":{"start":{"line":122,"column":22},"end":{"line":122,"column":28}},"loc":{"start":{"line":122,"column":28},"end":{"line":192,"column":1}}},"12":{"name":"(anonymous_12)","decl":{"start":{"line":124,"column":52},"end":{"line":124,"column":59}},"loc":{"start":{"line":124,"column":72},"end":{"line":147,"column":3}}},"13":{"name":"(anonymous_13)","decl":{"start":{"line":149,"column":55},"end":{"line":149,"column":62}},"loc":{"start":{"line":149,"column":75},"end":{"line":172,"column":3}}},"14":{"name":"(anonymous_14)","decl":{"start":{"line":174,"column":42},"end":{"line":174,"column":49}},"loc":{"start":{"line":174,"column":62},"end":{"line":191,"column":3}}},"15":{"name":"(anonymous_15)","decl":{"start":{"line":194,"column":25},"end":{"line":194,"column":31}},"loc":{"start":{"line":194,"column":31},"end":{"line":257,"column":1}}},"16":{"name":"(anonymous_16)","decl":{"start":{"line":195,"column":18},"end":{"line":195,"column":25}},"loc":{"start":{"line":195,"column":38},"end":{"line":198,"column":3}}},"17":{"name":"(anonymous_17)","decl":{"start":{"line":200,"column":50},"end":{"line":200,"column":57}},"loc":{"start":{"line":200,"column":70},"end":{"line":208,"column":3}}},"18":{"name":"(anonymous_18)","decl":{"start":{"line":210,"column":36},"end":{"line":210,"column":43}},"loc":{"start":{"line":210,"column":56},"end":{"line":222,"column":3}}},"19":{"name":"(anonymous_19)","decl":{"start":{"line":224,"column":35},"end":{"line":224,"column":42}},"loc":{"start":{"line":224,"column":55},"end":{"line":236,"column":3}}},"20":{"name":"(anonymous_20)","decl":{"start":{"line":238,"column":69},"end":{"line":238,"column":76}},"loc":{"start":{"line":238,"column":89},"end":{"line":248,"column":3}}},"21":{"name":"(anonymous_21)","decl":{"start":{"line":250,"column":40},"end":{"line":250,"column":47}},"loc":{"start":{"line":250,"column":60},"end":{"line":256,"column":3}}},"22":{"name":"(anonymous_22)","decl":{"start":{"line":259,"column":25},"end":{"line":259,"column":31}},"loc":{"start":{"line":259,"column":31},"end":{"line":278,"column":1}}},"23":{"name":"(anonymous_23)","decl":{"start":{"line":260,"column":58},"end":{"line":260,"column":65}},"loc":{"start":{"line":260,"column":78},"end":{"line":277,"column":3}}},"24":{"name":"(anonymous_24)","decl":{"start":{"line":280,"column":40},"end":{"line":280,"column":46}},"loc":{"start":{"line":280,"column":46},"end":{"line":303,"column":1}}},"25":{"name":"(anonymous_25)","decl":{"start":{"line":281,"column":18},"end":{"line":281,"column":25}},"loc":{"start":{"line":281,"column":38},"end":{"line":283,"column":3}}},"26":{"name":"(anonymous_26)","decl":{"start":{"line":285,"column":42},"end":{"line":285,"column":49}},"loc":{"start":{"line":285,"column":62},"end":{"line":288,"column":3}}},"27":{"name":"(anonymous_27)","decl":{"start":{"line":290,"column":53},"end":{"line":290,"column":60}},"loc":{"start":{"line":290,"column":73},"end":{"line":296,"column":3}}},"28":{"name":"(anonymous_28)","decl":{"start":{"line":298,"column":70},"end":{"line":298,"column":77}},"loc":{"start":{"line":298,"column":90},"end":{"line":302,"column":3}}},"29":{"name":"(anonymous_29)","decl":{"start":{"line":305,"column":29},"end":{"line":305,"column":35}},"loc":{"start":{"line":305,"column":35},"end":{"line":331,"column":1}}},"30":{"name":"(anonymous_30)","decl":{"start":{"line":306,"column":34},"end":{"line":306,"column":41}},"loc":{"start":{"line":306,"column":54},"end":{"line":330,"column":3}}},"31":{"name":"(anonymous_31)","decl":{"start":{"line":333,"column":25},"end":{"line":333,"column":31}},"loc":{"start":{"line":333,"column":31},"end":{"line":409,"column":1}}},"32":{"name":"(anonymous_32)","decl":{"start":{"line":334,"column":18},"end":{"line":334,"column":25}},"loc":{"start":{"line":334,"column":38},"end":{"line":340,"column":3}}},"33":{"name":"(anonymous_33)","decl":{"start":{"line":342,"column":50},"end":{"line":342,"column":57}},"loc":{"start":{"line":342,"column":70},"end":{"line":350,"column":3}}},"34":{"name":"(anonymous_34)","decl":{"start":{"line":352,"column":41},"end":{"line":352,"column":48}},"loc":{"start":{"line":352,"column":61},"end":{"line":376,"column":3}}},"35":{"name":"(anonymous_35)","decl":{"start":{"line":358,"column":41},"end":{"line":358,"column":53}},"loc":{"start":{"line":358,"column":53},"end":{"line":361,"column":5}}},"36":{"name":"(anonymous_36)","decl":{"start":{"line":363,"column":44},"end":{"line":363,"column":56}},"loc":{"start":{"line":363,"column":56},"end":{"line":365,"column":5}}},"37":{"name":"(anonymous_37)","decl":{"start":{"line":367,"column":47},"end":{"line":367,"column":59}},"loc":{"start":{"line":367,"column":59},"end":{"line":369,"column":5}}},"38":{"name":"(anonymous_38)","decl":{"start":{"line":378,"column":53},"end":{"line":378,"column":60}},"loc":{"start":{"line":378,"column":73},"end":{"line":383,"column":3}}},"39":{"name":"(anonymous_39)","decl":{"start":{"line":385,"column":47},"end":{"line":385,"column":54}},"loc":{"start":{"line":385,"column":67},"end":{"line":392,"column":3}}},"40":{"name":"(anonymous_40)","decl":{"start":{"line":394,"column":56},"end":{"line":394,"column":63}},"loc":{"start":{"line":394,"column":76},"end":{"line":408,"column":3}}},"41":{"name":"createDefaultTodos","decl":{"start":{"line":411,"column":15},"end":{"line":411,"column":34}},"loc":{"start":{"line":411,"column":46},"end":{"line":419,"column":null}}},"42":{"name":"checkNumberOfTodosInLocalStorage","decl":{"start":{"line":421,"column":15},"end":{"line":421,"column":48}},"loc":{"start":{"line":421,"column":78},"end":{"line":425,"column":null}}},"43":{"name":"(anonymous_43)","decl":{"start":{"line":422,"column":36},"end":{"line":422,"column":41}},"loc":{"start":{"line":422,"column":41},"end":{"line":424,"column":5}}},"44":{"name":"checkNumberOfCompletedTodosInLocalStorage","decl":{"start":{"line":427,"column":15},"end":{"line":427,"column":57}},"loc":{"start":{"line":427,"column":87},"end":{"line":431,"column":null}}},"45":{"name":"(anonymous_45)","decl":{"start":{"line":428,"column":36},"end":{"line":428,"column":41}},"loc":{"start":{"line":428,"column":41},"end":{"line":430,"column":5}}},"46":{"name":"(anonymous_46)","decl":{"start":{"line":429,"column":58},"end":{"line":429,"column":59}},"loc":{"start":{"line":429,"column":73},"end":{"line":429,"column":87}}},"47":{"name":"checkTodosInLocalStorage","decl":{"start":{"line":433,"column":15},"end":{"line":433,"column":40}},"loc":{"start":{"line":433,"column":67},"end":{"line":437,"column":null}}},"48":{"name":"(anonymous_48)","decl":{"start":{"line":434,"column":36},"end":{"line":434,"column":41}},"loc":{"start":{"line":434,"column":41},"end":{"line":436,"column":5}}},"49":{"name":"(anonymous_49)","decl":{"start":{"line":435,"column":55},"end":{"line":435,"column":56}},"loc":{"start":{"line":435,"column":70},"end":{"line":435,"column":80}}}},"branchMap":{},"s":{"0":0,"1":0,"2":0,"3":0,"4":0,"5":0,"6":0,"7":0,"8":0,"9":0,"10":0,"11":0,"12":0,"13":0,"14":0,"15":0,"16":0,"17":0,"18":0,"19":0,"20":0,"21":0,"22":0,"23":0,"24":0,"25":0,"26":0,"27":0,"28":0,"29":0,"30":0,"31":0,"32":0,"33":0,"34":0,"35":0,"36":0,"37":0,"38":0,"39":0,"40":0,"41":0,"42":0,"43":0,"44":0,"45":0,"46":0,"47":0,"48":0,"49":0,"50":0,"51":0,"52":0,"53":0,"54":0,"55":0,"56":0,"57":0,"58":0,"59":0,"60":0,"61":0,"62":0,"63":0,"64":0,"65":0,"66":0,"67":0,"68":0,"69":0,"70":0,"71":0,"72":0,"73":0,"74":0,"75":0,"76":0,"77":0,"78":0,"79":0,"80":0,"81":0,"82":0,"83":0,"84":0,"85":0,"86":0,"87":0,"88":0,"89":0,"90":0,"91":0,"92":0,"93":0,"94":0,"95":0,"96":0,"97":0,"98":0,"99":0,"100":0,"101":0,"102":0,"103":0,"104":0,"105":0,"106":0,"107":0,"108":0,"109":0,"110":0,"111":0,"112":0,"113":0,"114":0,"115":0,"116":0,"117":0,"118":0,"119":0,"120":0,"121":0,"122":0,"123":0,"124":0,"125":0,"126":0,"127":0,"128":0,"129":0,"130":0,"131":0,"132":0,"133":0,"134":0,"135":0,"136":0,"137":0,"138":0,"139":0,"140":0,"141":0,"142":0,"143":0,"144":0,"145":0,"146":0,"147":0,"148":0,"149":0,"150":0,"151":0,"152":0,"153":0,"154":0,"155":0,"156":0,"157":0,"158":0,"159":0,"160":0,"161":0,"162":0,"163":0,"164":0,"165":0,"166":0,"167":0,"168":0,"169":0,"170":0,"171":0,"172":0,"173":0,"174":0,"175":0,"176":0,"177":0,"178":0,"179":0,"180":0,"181":0,"182":0,"183":0,"184":0,"185":0,"186":0,"187":0,"188":0,"189":0,"190":0,"191":0,"192":0,"193":0,"194":0,"195":0,"196":0,"197":0,"198":0,"199":0,"200":0,"201":0,"202":0,"203":0,"204":0,"205":0,"206":0,"207":0,"208":0,"209":0,"210":0,"211":0,"212":0,"213":0,"214":0,"215":0,"216":0,"217":0,"218":0,"219":0,"220":0,"221":0,"222":0,"223":0,"224":0,"225":0,"226":0,"227":0,"228":0,"229":0,"230":0,"231":0,"232":0},"f":{"0":0,"1":0,"2":0,"3":0,"4":0,"5":0,"6":0,"7":0,"8":0,"9":0,"10":0,"11":0,"12":0,"13":0,"14":0,"15":0,"16":0,"17":0,"18":0,"19":0,"20":0,"21":0,"22":0,"23":0,"24":0,"25":0,"26":0,"27":0,"28":0,"29":0,"30":0,"31":0,"32":0,"33":0,"34":0,"35":0,"36":0,"37":0,"38":0,"39":0,"40":0,"41":0,"42":0,"43":0,"44":0,"45":0,"46":0,"47":0,"48":0,"49":0},"b":{}}
}
